SQL statistics:
    queries performed:
        read:                            1386014
        write:                           0
        other:                           198002
        total:                           1584016
    transactions:                        99001  (494.56 per sec.)
    queries:                             1584016 (7912.96 per sec.)
    ignored errors:                      0      (0.00 per sec.)
    reconnects:                          0      (0.00 per sec.)

General statistics:
    total time:                          200.1780s
    total number of events:              99001

Latency (ms):
         min:                                131.20
         avg:                                202.11
         max:                                364.35
         95th percentile:                    248.83
         sum:                            20008884.84

Threads fairness:
    events (avg/stddev):           990.0100/3.17
    execution time (avg/stddev):   200.0888/0.05